<?xml version="1.0" encoding="UTF-8"?>
<robot generator="Robot 7.2.2 (Python 3.13.2 on linux)" generated="2025-06-08T19:43:34.454874" rpa="false" schemaversion="5">
<suite id="s1" name="Test" source="/mnt/d/estagio_compass_uol/documentos/sprint-06/semana_12_challenger_03/challenger_03/test/usuario_test/US005_nao_deve_ser_possivel_cadastrar_usuario_com_email_existente/test.robot">
<test id="s1-t1" name="US005-CT01 - Atualização de Usuário com E-mail Já Usado por Outro" line="10">
<kw name="Generate Random String" owner="String">
<msg time="2025-06-08T19:43:34.612196" level="INFO">${random_string1} = tedemral</msg>
<var>${random_string1}</var>
<arg>8</arg>
<arg>[LOWER]</arg>
<doc>Generates a string with a desired ``length`` from the given ``chars``.</doc>
<status status="PASS" start="2025-06-08T19:43:34.611131" elapsed="0.015137"/>
</kw>
<kw name="Evaluate" owner="BuiltIn">
<msg time="2025-06-08T19:43:34.627745" level="INFO">${timestamp1} = 1749422614</msg>
<var>${timestamp1}</var>
<arg>int(time.time())</arg>
<arg>modules=time</arg>
<doc>Evaluates the given expression in Python and returns the result.</doc>
<status status="PASS" start="2025-06-08T19:43:34.627153" elapsed="0.000753"/>
</kw>
<kw name="Set Variable" owner="BuiltIn">
<msg time="2025-06-08T19:43:34.628861" level="INFO">${nome1} = Usuario1_tedemral_1749422614</msg>
<var>${nome1}</var>
<arg>Usuario1_${random_string1}_${timestamp1}</arg>
<doc>Returns the given values which can then be assigned to a variables.</doc>
<status status="PASS" start="2025-06-08T19:43:34.628476" elapsed="0.000525"/>
</kw>
<kw name="Set Variable" owner="BuiltIn">
<msg time="2025-06-08T19:43:34.630923" level="INFO">${email1} = usuario1_tedemral_1749422614@empresa.com</msg>
<var>${email1}</var>
<arg>usuario1_${random_string1}_${timestamp1}@empresa.com</arg>
<doc>Returns the given values which can then be assigned to a variables.</doc>
<status status="PASS" start="2025-06-08T19:43:34.630352" elapsed="0.000808"/>
</kw>
<kw name="Set Variable" owner="BuiltIn">
<msg time="2025-06-08T19:43:34.633119" level="INFO">${password1} = SenhaForte123</msg>
<var>${password1}</var>
<arg>SenhaForte123</arg>
<doc>Returns the given values which can then be assigned to a variables.</doc>
<status status="PASS" start="2025-06-08T19:43:34.632166" elapsed="0.001249"/>
</kw>
<kw name="Set Variable" owner="BuiltIn">
<msg time="2025-06-08T19:43:34.636113" level="INFO">${administrador1} = true</msg>
<var>${administrador1}</var>
<arg>true</arg>
<doc>Returns the given values which can then be assigned to a variables.</doc>
<status status="PASS" start="2025-06-08T19:43:34.635563" elapsed="0.000769"/>
</kw>
<kw name="Create Dictionary" owner="BuiltIn">
<msg time="2025-06-08T19:43:34.637646" level="INFO">${body1} = {'nome': 'Usuario1_tedemral_1749422614', 'email': 'usuario1_tedemral_1749422614@empresa.com', 'password': 'SenhaForte123', 'administrador': 'true'}</msg>
<var>${body1}</var>
<arg>nome=${nome1}</arg>
<arg>email=${email1}</arg>
<arg>password=${password1}</arg>
<arg>administrador=${administrador1}</arg>
<doc>Creates and returns a dictionary based on the given ``items``.</doc>
<status status="PASS" start="2025-06-08T19:43:34.636751" elapsed="0.001152"/>
</kw>
<kw name="Create Dictionary" owner="BuiltIn">
<msg time="2025-06-08T19:43:34.640954" level="INFO">${headers} = {'Content-Type': 'application/json'}</msg>
<var>${headers}</var>
<arg>Content-Type=application/json</arg>
<doc>Creates and returns a dictionary based on the given ``items``.</doc>
<status status="PASS" start="2025-06-08T19:43:34.640395" elapsed="0.000718"/>
</kw>
<kw name="Create Session" owner="RequestsLibrary">
<msg time="2025-06-08T19:43:34.642392" level="INFO">Creating Session using : alias=serverest, url=https://serverest.dev, headers={},                     cookies={}, auth=None, timeout=None, proxies=None, verify=False,                     debug=0 </msg>
<arg>serverest</arg>
<arg>https://serverest.dev</arg>
<doc>Create Session: create a HTTP session to a server</doc>
<status status="PASS" start="2025-06-08T19:43:34.642075" elapsed="0.000743"/>
</kw>
<kw name="POST On Session" owner="RequestsLibrary">
<msg time="2025-06-08T19:43:35.057966" level="INFO">POST Request : url=https://serverest.dev/usuarios 
 path_url=/usuarios 
 headers={'User-Agent': 'python-requests/2.32.3', 'Accept-Encoding': 'gzip, deflate', 'Accept': '*/*', 'Connection': 'keep-alive', 'Content-Type': 'application/json', 'Content-Length': '147'} 
 body=b'{"nome": "Usuario1_tedemral_1749422614", "email": "usuario1_tedemral_1749422614@empresa.com", "password": "SenhaForte123", "administrador": "true"}' 
 </msg>
<msg time="2025-06-08T19:43:35.058341" level="INFO">POST Response : url=https://serverest.dev/usuarios 
 status=201, reason=Created 
 headers={'access-control-allow-origin': '*', 'x-dns-prefetch-control': 'off', 'x-frame-options': 'SAMEORIGIN', 'strict-transport-security': 'max-age=15552000; includeSubDomains', 'x-download-options': 'noopen', 'x-content-type-options': 'nosniff', 'x-xss-protection': '1; mode=block', 'content-type': 'application/json; charset=utf-8', 'x-cloud-trace-context': '4de5f21014ac46d229eb1c7550955342;o=1', 'date': 'Sun, 08 Jun 2025 22:43:33 GMT', 'server': 'Google Frontend', 'Content-Length': '82'} 
 body={
    "message": "Cadastro realizado com sucesso",
    "_id": "LijvcI3iUun5zGvP"
} 
 </msg>
<msg time="2025-06-08T19:43:35.058482" level="INFO">/home/marcosdev03/miniconda3/envs/ambiente_compasso/lib/python3.13/site-packages/urllib3/connectionpool.py:1097: InsecureRequestWarning: Unverified HTTPS request is being made to host 'serverest.dev'. Adding certificate verification is strongly advised. See: https://urllib3.readthedocs.io/en/latest/advanced-usage.html#tls-warnings
  warnings.warn(</msg>
<msg time="2025-06-08T19:43:35.058739" level="INFO">${create_response1} = &lt;Response [201]&gt;</msg>
<var>${create_response1}</var>
<arg>serverest</arg>
<arg>/usuarios</arg>
<arg>json=${body1}</arg>
<arg>headers=${headers}</arg>
<arg>expected_status=any</arg>
<doc>Sends a POST request on a previously created HTTP Session.</doc>
<status status="PASS" start="2025-06-08T19:43:34.643895" elapsed="0.415000"/>
</kw>
<kw name="Set Variable" owner="BuiltIn">
<msg time="2025-06-08T19:43:35.059846" level="INFO">${json1} = {'message': 'Cadastro realizado com sucesso', '_id': 'LijvcI3iUun5zGvP'}</msg>
<var>${json1}</var>
<arg>${create_response1.json()}</arg>
<doc>Returns the given values which can then be assigned to a variables.</doc>
<status status="PASS" start="2025-06-08T19:43:35.059231" elapsed="0.000720"/>
</kw>
<kw name="Set Variable" owner="BuiltIn">
<msg time="2025-06-08T19:43:35.060553" level="INFO">${id1} = LijvcI3iUun5zGvP</msg>
<var>${id1}</var>
<arg>${json1}[_id]</arg>
<doc>Returns the given values which can then be assigned to a variables.</doc>
<status status="PASS" start="2025-06-08T19:43:35.060199" elapsed="0.000542"/>
</kw>
<kw name="Generate Random String" owner="String">
<msg time="2025-06-08T19:43:35.061537" level="INFO">${random_string2} = vynuqlid</msg>
<var>${random_string2}</var>
<arg>8</arg>
<arg>[LOWER]</arg>
<doc>Generates a string with a desired ``length`` from the given ``chars``.</doc>
<status status="PASS" start="2025-06-08T19:43:35.061102" elapsed="0.000531"/>
</kw>
<kw name="Evaluate" owner="BuiltIn">
<msg time="2025-06-08T19:43:35.062171" level="INFO">${timestamp2} = 1749422615</msg>
<var>${timestamp2}</var>
<arg>int(time.time())</arg>
<arg>modules=time</arg>
<doc>Evaluates the given expression in Python and returns the result.</doc>
<status status="PASS" start="2025-06-08T19:43:35.061852" elapsed="0.000411"/>
</kw>
<kw name="Set Variable" owner="BuiltIn">
<msg time="2025-06-08T19:43:35.062731" level="INFO">${nome2} = Usuario2_vynuqlid_1749422615</msg>
<var>${nome2}</var>
<arg>Usuario2_${random_string2}_${timestamp2}</arg>
<doc>Returns the given values which can then be assigned to a variables.</doc>
<status status="PASS" start="2025-06-08T19:43:35.062479" elapsed="0.000329"/>
</kw>
<kw name="Set Variable" owner="BuiltIn">
<msg time="2025-06-08T19:43:35.063237" level="INFO">${email2} = usuario2_vynuqlid_1749422615@empresa.com</msg>
<var>${email2}</var>
<arg>usuario2_${random_string2}_${timestamp2}@empresa.com</arg>
<doc>Returns the given values which can then be assigned to a variables.</doc>
<status status="PASS" start="2025-06-08T19:43:35.063001" elapsed="0.000312"/>
</kw>
<kw name="Set Variable" owner="BuiltIn">
<msg time="2025-06-08T19:43:35.080244" level="INFO">${password2} = SenhaForte123</msg>
<var>${password2}</var>
<arg>SenhaForte123</arg>
<doc>Returns the given values which can then be assigned to a variables.</doc>
<status status="PASS" start="2025-06-08T19:43:35.079561" elapsed="0.000976"/>
</kw>
<kw name="Set Variable" owner="BuiltIn">
<msg time="2025-06-08T19:43:35.082703" level="INFO">${administrador2} = false</msg>
<var>${administrador2}</var>
<arg>false</arg>
<doc>Returns the given values which can then be assigned to a variables.</doc>
<status status="PASS" start="2025-06-08T19:43:35.082205" elapsed="0.000813"/>
</kw>
<kw name="Create Dictionary" owner="BuiltIn">
<msg time="2025-06-08T19:43:35.085637" level="INFO">${body2} = {'nome': 'Usuario2_vynuqlid_1749422615', 'email': 'usuario2_vynuqlid_1749422615@empresa.com', 'password': 'SenhaForte123', 'administrador': 'false'}</msg>
<var>${body2}</var>
<arg>nome=${nome2}</arg>
<arg>email=${email2}</arg>
<arg>password=${password2}</arg>
<arg>administrador=${administrador2}</arg>
<doc>Creates and returns a dictionary based on the given ``items``.</doc>
<status status="PASS" start="2025-06-08T19:43:35.084893" elapsed="0.001107"/>
</kw>
<kw name="POST On Session" owner="RequestsLibrary">
<msg time="2025-06-08T19:43:35.275594" level="INFO">POST Request : url=https://serverest.dev/usuarios 
 path_url=/usuarios 
 headers={'User-Agent': 'python-requests/2.32.3', 'Accept-Encoding': 'gzip, deflate', 'Accept': '*/*', 'Connection': 'keep-alive', 'Content-Type': 'application/json', 'Content-Length': '148'} 
 body=b'{"nome": "Usuario2_vynuqlid_1749422615", "email": "usuario2_vynuqlid_1749422615@empresa.com", "password": "SenhaForte123", "administrador": "false"}' 
 </msg>
<msg time="2025-06-08T19:43:35.276277" level="INFO">POST Response : url=https://serverest.dev/usuarios 
 status=201, reason=Created 
 headers={'access-control-allow-origin': '*', 'x-dns-prefetch-control': 'off', 'x-frame-options': 'SAMEORIGIN', 'strict-transport-security': 'max-age=15552000; includeSubDomains', 'x-download-options': 'noopen', 'x-content-type-options': 'nosniff', 'x-xss-protection': '1; mode=block', 'content-type': 'application/json; charset=utf-8', 'x-cloud-trace-context': '3f9c545a2246dc5829eb1c7550955d69', 'date': 'Sun, 08 Jun 2025 22:43:33 GMT', 'server': 'Google Frontend', 'Content-Length': '82'} 
 body={
    "message": "Cadastro realizado com sucesso",
    "_id": "oIXn8jrXAAlTr6OK"
} 
 </msg>
<msg time="2025-06-08T19:43:35.277066" level="INFO">/home/marcosdev03/miniconda3/envs/ambiente_compasso/lib/python3.13/site-packages/urllib3/connectionpool.py:1097: InsecureRequestWarning: Unverified HTTPS request is being made to host 'serverest.dev'. Adding certificate verification is strongly advised. See: https://urllib3.readthedocs.io/en/latest/advanced-usage.html#tls-warnings
  warnings.warn(</msg>
<msg time="2025-06-08T19:43:35.277545" level="INFO">${create_response2} = &lt;Response [201]&gt;</msg>
<var>${create_response2}</var>
<arg>serverest</arg>
<arg>/usuarios</arg>
<arg>json=${body2}</arg>
<arg>headers=${headers}</arg>
<arg>expected_status=any</arg>
<doc>Sends a POST request on a previously created HTTP Session.</doc>
<status status="PASS" start="2025-06-08T19:43:35.087976" elapsed="0.189901"/>
</kw>
<kw name="Set Variable" owner="BuiltIn">
<msg time="2025-06-08T19:43:35.279779" level="INFO">${json2} = {'message': 'Cadastro realizado com sucesso', '_id': 'oIXn8jrXAAlTr6OK'}</msg>
<var>${json2}</var>
<arg>${create_response2.json()}</arg>
<doc>Returns the given values which can then be assigned to a variables.</doc>
<status status="PASS" start="2025-06-08T19:43:35.278483" elapsed="0.001552"/>
</kw>
<kw name="Set Variable" owner="BuiltIn">
<msg time="2025-06-08T19:43:35.281125" level="INFO">${id2} = oIXn8jrXAAlTr6OK</msg>
<var>${id2}</var>
<arg>${json2}[_id]</arg>
<doc>Returns the given values which can then be assigned to a variables.</doc>
<status status="PASS" start="2025-06-08T19:43:35.280584" elapsed="0.000750"/>
</kw>
<kw name="Atualizar Usuário com Email de Outro" owner="keywords">
<kw name="Create Dictionary" owner="BuiltIn">
<msg time="2025-06-08T19:43:35.284729" level="INFO">${body} = {'nome': 'Usuario2_vynuqlid_1749422615', 'email': 'usuario1_tedemral_1749422614@empresa.com', 'password': 'SenhaForte123', 'administrador': 'false'}</msg>
<var>${body}</var>
<arg>nome=${nome}</arg>
<arg>email=${email}</arg>
<arg>password=${password}</arg>
<arg>administrador=${administrador}</arg>
<doc>Creates and returns a dictionary based on the given ``items``.</doc>
<status status="PASS" start="2025-06-08T19:43:35.283072" elapsed="0.021329"/>
</kw>
<kw name="Create Dictionary" owner="BuiltIn">
<msg time="2025-06-08T19:43:35.305272" level="INFO">${headers} = {'Content-Type': 'application/json'}</msg>
<var>${headers}</var>
<arg>Content-Type=application/json</arg>
<doc>Creates and returns a dictionary based on the given ``items``.</doc>
<status status="PASS" start="2025-06-08T19:43:35.304908" elapsed="0.000487"/>
</kw>
<kw name="Create Session" owner="RequestsLibrary">
<msg time="2025-06-08T19:43:35.305762" level="INFO">Creating Session using : alias=serverest, url=https://serverest.dev, headers={},                     cookies={}, auth=None, timeout=None, proxies=None, verify=False,                     debug=0 </msg>
<arg>serverest</arg>
<arg>${BASE_URL}</arg>
<doc>Create Session: create a HTTP session to a server</doc>
<status status="PASS" start="2025-06-08T19:43:35.305556" elapsed="0.000452"/>
</kw>
<kw name="PUT On Session" owner="RequestsLibrary">
<msg time="2025-06-08T19:43:35.742136" level="INFO">PUT Request : url=https://serverest.dev/usuarios/oIXn8jrXAAlTr6OK 
 path_url=/usuarios/oIXn8jrXAAlTr6OK 
 headers={'User-Agent': 'python-requests/2.32.3', 'Accept-Encoding': 'gzip, deflate', 'Accept': '*/*', 'Connection': 'keep-alive', 'Content-Type': 'application/json', 'Content-Length': '148'} 
 body=b'{"nome": "Usuario2_vynuqlid_1749422615", "email": "usuario1_tedemral_1749422614@empresa.com", "password": "SenhaForte123", "administrador": "false"}' 
 </msg>
<msg time="2025-06-08T19:43:35.742975" level="INFO">PUT Response : url=https://serverest.dev/usuarios/oIXn8jrXAAlTr6OK 
 status=400, reason=Bad Request 
 headers={'access-control-allow-origin': '*', 'x-dns-prefetch-control': 'off', 'x-frame-options': 'SAMEORIGIN', 'strict-transport-security': 'max-age=15552000; includeSubDomains', 'x-download-options': 'noopen', 'x-content-type-options': 'nosniff', 'x-xss-protection': '1; mode=block', 'content-type': 'application/json; charset=utf-8', 'x-cloud-trace-context': '280603278a73f362b456916d7450e04d', 'date': 'Sun, 08 Jun 2025 22:43:34 GMT', 'server': 'Google Frontend', 'Content-Length': '53'} 
 body={
    "message": "Este email já está sendo usado"
} 
 </msg>
<msg time="2025-06-08T19:43:35.743575" level="INFO">/home/marcosdev03/miniconda3/envs/ambiente_compasso/lib/python3.13/site-packages/urllib3/connectionpool.py:1097: InsecureRequestWarning: Unverified HTTPS request is being made to host 'serverest.dev'. Adding certificate verification is strongly advised. See: https://urllib3.readthedocs.io/en/latest/advanced-usage.html#tls-warnings
  warnings.warn(</msg>
<msg time="2025-06-08T19:43:35.744418" level="INFO">${response} = &lt;Response [400]&gt;</msg>
<var>${response}</var>
<arg>serverest</arg>
<arg>/usuarios/${id}</arg>
<arg>json=${body}</arg>
<arg>headers=${headers}</arg>
<arg>expected_status=any</arg>
<doc>Sends a PUT request on a previously created HTTP Session.</doc>
<status status="PASS" start="2025-06-08T19:43:35.306159" elapsed="0.438631"/>
</kw>
<return>
<value>${response}</value>
<status status="PASS" start="2025-06-08T19:43:35.745248" elapsed="0.000370"/>
</return>
<msg time="2025-06-08T19:43:35.746180" level="INFO">${response} = &lt;Response [400]&gt;</msg>
<var>${response}</var>
<arg>${id2}</arg>
<arg>${nome2}</arg>
<arg>${email1}</arg>
<arg>${password2}</arg>
<arg>${administrador2}</arg>
<doc>Tenta atualizar um usuário usando email já utilizado por outro usuário</doc>
<status status="PASS" start="2025-06-08T19:43:35.281958" elapsed="0.464484"/>
</kw>
<kw name="Validar Resposta Erro" owner="utils">
<kw name="Should Be Equal As Strings" owner="BuiltIn">
<msg time="2025-06-08T19:43:35.753313" level="INFO">Argument types are:
&lt;class 'int'&gt;
&lt;class 'str'&gt;</msg>
<arg>${response.status_code}</arg>
<arg>${status_code}</arg>
<doc>Fails if objects are unequal after converting them to strings.</doc>
<status status="PASS" start="2025-06-08T19:43:35.751279" elapsed="0.017719"/>
</kw>
<kw name="Set Variable" owner="BuiltIn">
<msg time="2025-06-08T19:43:35.770207" level="INFO">${json} = {'message': 'Este email já está sendo usado'}</msg>
<var>${json}</var>
<arg>${response.json()}</arg>
<doc>Returns the given values which can then be assigned to a variables.</doc>
<status status="PASS" start="2025-06-08T19:43:35.769421" elapsed="0.000974"/>
</kw>
<kw name="Dictionary Should Contain Key" owner="Collections">
<arg>${json}</arg>
<arg>${campo_erro}</arg>
<doc>Fails if ``key`` is not found from ``dictionary``.</doc>
<status status="PASS" start="2025-06-08T19:43:35.770614" elapsed="0.000394"/>
</kw>
<kw name="Should Be Equal As Strings" owner="BuiltIn">
<arg>${json}[${campo_erro}]</arg>
<arg>${mensagem_erro}</arg>
<doc>Fails if objects are unequal after converting them to strings.</doc>
<status status="PASS" start="2025-06-08T19:43:35.771217" elapsed="0.000340"/>
</kw>
<return>
<value>${json}</value>
<status status="PASS" start="2025-06-08T19:43:35.771682" elapsed="0.000127"/>
</return>
<msg time="2025-06-08T19:43:35.772031" level="INFO">${json} = {'message': 'Este email já está sendo usado'}</msg>
<var>${json}</var>
<arg>${response}</arg>
<arg>400</arg>
<arg>message</arg>
<arg>Este email já está sendo usado</arg>
<doc>Valida uma resposta de erro</doc>
<status status="PASS" start="2025-06-08T19:43:35.749416" elapsed="0.022742"/>
</kw>
<kw name="Log" owner="BuiltIn">
<msg time="2025-06-08T19:43:35.774541" level="INFO">Resposta da tentativa de atualização: {'message': 'Este email já está sendo usado'}.</msg>
<arg>Resposta da tentativa de atualização: ${json}.</arg>
<doc>Logs the given message with the given level.</doc>
<status status="PASS" start="2025-06-08T19:43:35.774115" elapsed="0.000747"/>
</kw>
<doc>Garante que a API retorna 400 quando o e-mail já está em uso por outro usuário.</doc>
<status status="PASS" start="2025-06-08T19:43:34.609204" elapsed="1.167741"/>
</test>
<doc>US005-CT01 - Atualização de usuário com e-mail já usado por outro usuário</doc>
<status status="PASS" start="2025-06-08T19:43:34.459097" elapsed="1.319407"/>
</suite>
<statistics>
<total>
<stat pass="1" fail="0" skip="0">All Tests</stat>
</total>
<tag>
</tag>
<suite>
<stat name="Test" id="s1" pass="1" fail="0" skip="0">Test</stat>
</suite>
</statistics>
<errors>
<msg time="2025-06-08T19:43:34.498857" level="WARN">Error in file '/mnt/d/estagio_compass_uol/documentos/sprint-06/semana_12_challenger_03/challenger_03/resource/keywords/usuario_keys/US005_nao_deve_ser_possivel_cadastrar_usuario_com_email_existente/keywords.robot' on line 20: The '[Return]' setting is deprecated. Use the 'RETURN' statement instead.</msg>
<msg time="2025-06-08T19:43:34.593179" level="WARN">Error in file '/mnt/d/estagio_compass_uol/documentos/sprint-06/semana_12_challenger_03/challenger_03/resource/common/utils.robot' on line 21: The '[Return]' setting is deprecated. Use the 'RETURN' statement instead.</msg>
<msg time="2025-06-08T19:43:34.593426" level="WARN">Error in file '/mnt/d/estagio_compass_uol/documentos/sprint-06/semana_12_challenger_03/challenger_03/resource/common/utils.robot' on line 30: The '[Return]' setting is deprecated. Use the 'RETURN' statement instead.</msg>
<msg time="2025-06-08T19:43:34.593583" level="WARN">Error in file '/mnt/d/estagio_compass_uol/documentos/sprint-06/semana_12_challenger_03/challenger_03/resource/common/utils.robot' on line 39: The '[Return]' setting is deprecated. Use the 'RETURN' statement instead.</msg>
</errors>
</robot>
